0001   0000             ; PROJECT: Character Check (25th row)
0002   0000             ; ASM COMPATIBILITY: TASM (e.g., TASM -80 -b charchck.asm charchck.caq)
0003   0000             
0004   0000             ; James' Cassette Compatible Init (CLOAD > RUN)
0005   0000             LOADER:
0006   0000             
0007   38E1             	.org $38E1 
0008   38E1 FF FF FF FF 	.db	$FF,$FF,$FF,$FF,$FF,$FF,$FF,$FF,$FF,$FF,$FF,$FF 
0008   38E5 FF FF FF FF 
0008   38E9 FF FF FF FF 
0009   38ED 00          	.db	$00 
0010   38EE             
0011   38EE             	; Can replace with custom SIX character identifier
0012   38EE 43 48 52 43 	.db	"CHRCHK"
0012   38F2 48 4B 
0013   38F4             	
0014   38F4 FF FF FF FF 	.db	$FF,$FF,$FF,$FF,$FF,$FF,$FF,$FF,$FF,$FF,$FF,$FF 
0014   38F8 FF FF FF FF 
0014   38FC FF FF FF FF 
0015   3900 00          	.db	$00 
0016   3901 25 39 0A 00 	.db	$25,$39,$0a,$00 
0017   3905 8E          	.db	$8e 
0018   3906             
0019   3906             	; Do not edit this line
0020   3906 20 46 6F 72 	.db	" For Aquarius S2 (do not edit)" 
0020   390A 20 41 71 75 
0020   390E 61 72 69 75 
0020   3912 73 20 53 32 
0020   3916 20 28 64 6F 
0020   391A 20 6E 6F 74 
0020   391E 20 65 64 69 
0020   3922 74 29 
0021   3924             
0022   3924 00          	.db	00 
0023   3925 2D 39 14 00 	.db	$2d, $39, $14, $00 
0024   3929 42 B0 30    	.db	$42, $B0, $30 
0025   392C 00          	.db	00 
0026   392D 49 39 1E 00 	.db	$49, $39, $1e, $00 
0027   3931 94 20 31 34 	.db	$94, $20, "14340", $2C, "088" 
0027   3935 33 34 30 2C 
0027   3939 30 38 38 
0028   393C 3A          	.db	$3A 
0029   393D 94 20 31 34 	.db	$94, $20, "14341", $2C, "057" 
0029   3941 33 34 31 2C 
0029   3945 30 35 37 
0030   3948 00          	.db	00 
0031   3949 69          	.db	(TERMINATE & 255) 
0032   394A 41          	.db	(TERMINATE >> 8) 
0033   394B 28 00       	.db	$28, $00 
0034   394D 42 B0 B5 28 	.db	$42, $B0,$B5,$28,$30,$29,$3A,$80 
0034   3951 30 29 3A 80 
0035   3955 00          	.db	$00 
0036   3956 00 00       	.db	$00,$00	
0037   3958             	
0038   3958             	; Clear and Fill BG/Border
0039   3958 CD 74 39    	call	FILLSCENE
0040   395B             	
0041   395B             	; Draw User Scene
0042   395B CD 82 39    	call	DRAWSCENE
0043   395E             	
0044   395E             ; Start Main Program
0045   395E             MAIN: 
0046   395E             
0047   395E             	; Add Custom Code Here - Press RETURN to Exit
0048   395E CD 66 39    	call	INPUT
0049   3961 20 FB       	jr		nz,	MAIN
0050   3963             	
0051   3963             	; Clear Screen and Exit
0052   3963 CD 45 1E    	call	$1e45
0053   3966             	
0054   3966             ; Basic Input Handler
0055   3966             INPUT:
0056   3966             
0057   3966             	; Short Pause
0058   3966 01 00 30    	ld		bc,$3000
0059   3969 CD 4B 1D    	call	$1d4b
0060   396C             
0061   396C             	; Check for RETURN key
0062   396C 01 FF FE    	ld		bc, $feff
0063   396F ED 78       	in		a,(c)
0064   3971 CB 5F       	bit		3, a
0065   3973             	
0066   3973 C9          	ret
0067   3974             
0068   3974             ; Clear and Fill Border
0069   3974             FILLSCENE:
0070   3974             
0071   3974 06 9F       	ld		b,$9f
0072   3976 21 00 30    	ld		hl,$3000
0073   3979 CD 59 1E    	call	$1e59
0074   397C 06 06       	ld		b,$6
0075   397E CD 59 1E    	call	$1e59
0076   3981 C9          	ret
0077   3982             
0078   3982             ; Draw Scene
0079   3982             DRAWSCENE:
0080   3982             
0081   3982 11 00 30    	ld      de, 12288
0082   3985             ;	ld		de, 12328
0083   3985 21 99 39    	ld		hl, SCENECHAR
0084   3988 01 E8 03    	ld      bc, 1000
0085   398B             ;	ld		bc, 960
0086   398B ED B0       	ldir
0087   398D 11 00 34    	ld      de, 13312
0088   3990             ;	ld		de, 13352
0089   3990 21 81 3D    	ld		hl, SCENECOLOR
0090   3993 01 E8 03    	ld      bc, 1000
0091   3996             ;   ld		bc, 960
0092   3996 ED B0       	ldir
0093   3998 C9          	ret
0094   3999             
0095   3999             ; Scene Character Data (Raw 1000 Bytes)
0096   3999             SCENECHAR:
0097   3999             
0098   3999 8F 64 65 66 	.db 143,100,101,102,103,104,105,106,107,108,109,110,111,112,113,114,115,116,117,118,119,120,121,122,123,124,125,126,127,128,129,130,131,132,133,134,135,136,137,138
0098   399D 67 68 69 6A 
0098   39A1 6B 6C 6D 6E 
0098   39A5 6F 70 71 72 
0098   39A9 73 74 75 76 
0098   39AD 77 78 79 7A 
0098   39B1 7B 7C 7D 7E 
0098   39B5 7F 80 81 82 
0098   39B9 83 84 85 86 
0098   39BD 87 88 89 8A 
0099   39C1             ; Start of the REAL character space
0100   39C1 8F 8F 8F 8F 	.db 143,143,143,143,143,143,143,143,143,143,143,143,143,143,143,143,143,143,143,143,143,143,143,143,143,143,143,143,143,143,143,143,143,143,143,143,143,143,143,143
0100   39C5 8F 8F 8F 8F 
0100   39C9 8F 8F 8F 8F 
0100   39CD 8F 8F 8F 8F 
0100   39D1 8F 8F 8F 8F 
0100   39D5 8F 8F 8F 8F 
0100   39D9 8F 8F 8F 8F 
0100   39DD 8F 8F 8F 8F 
0100   39E1 8F 8F 8F 8F 
0100   39E5 8F 8F 8F 8F 
0101   39E9 8F 8F 8F 8F 	.db 143,143,143,143,143,143,143,143,143,143,143,143,143,143,143,143,143,143,143,143,143,143,143,143,143,143,143,143,143,143,143,143,143,143,143,143,143,143,143,143
0101   39ED 8F 8F 8F 8F 
0101   39F1 8F 8F 8F 8F 
0101   39F5 8F 8F 8F 8F 
0101   39F9 8F 8F 8F 8F 
0101   39FD 8F 8F 8F 8F 
0101   3A01 8F 8F 8F 8F 
0101   3A05 8F 8F 8F 8F 
0101   3A09 8F 8F 8F 8F 
0101   3A0D 8F 8F 8F 8F 
0102   3A11 8F 8F 8F 8F 	.db 143,143,143,143,143,143,143,143,143,143,143,143,143,143,143,143,143,143,143,143,143,143,143,143,143,143,143,143,143,143,143,143,143,143,143,143,143,143,143,143
0102   3A15 8F 8F 8F 8F 
0102   3A19 8F 8F 8F 8F 
0102   3A1D 8F 8F 8F 8F 
0102   3A21 8F 8F 8F 8F 
0102   3A25 8F 8F 8F 8F 
0102   3A29 8F 8F 8F 8F 
0102   3A2D 8F 8F 8F 8F 
0102   3A31 8F 8F 8F 8F 
0102   3A35 8F 8F 8F 8F 
0103   3A39 8F 8F 8F 8F 	.db 143,143,143,143,143,143,143,143,143,143,143,143,143,143,143,143,143,143,143,143,143,143,143,143,143,143,143,143,143,143,143,143,143,143,143,143,143,143,143,143
0103   3A3D 8F 8F 8F 8F 
0103   3A41 8F 8F 8F 8F 
0103   3A45 8F 8F 8F 8F 
0103   3A49 8F 8F 8F 8F 
0103   3A4D 8F 8F 8F 8F 
0103   3A51 8F 8F 8F 8F 
0103   3A55 8F 8F 8F 8F 
0103   3A59 8F 8F 8F 8F 
0103   3A5D 8F 8F 8F 8F 
0104   3A61 8F 8F 8F 8F 	.db 143,143,143,143,143,143,143,143,143,143,143,143,143,143,143,143,143,143,143,143,143,143,143,143,143,143,143,143,143,143,143,143,143,143,143,143,143,143,143,143
0104   3A65 8F 8F 8F 8F 
0104   3A69 8F 8F 8F 8F 
0104   3A6D 8F 8F 8F 8F 
0104   3A71 8F 8F 8F 8F 
0104   3A75 8F 8F 8F 8F 
0104   3A79 8F 8F 8F 8F 
0104   3A7D 8F 8F 8F 8F 
0104   3A81 8F 8F 8F 8F 
0104   3A85 8F 8F 8F 8F 
0105   3A89 8F 8F 8F 8F 	.db 143,143,143,143,143,143,143,143,143,143,143,143,143,143,143,143,143,143,143,143,143,143,143,143,143,143,143,143,143,143,143,143,143,143,143,143,143,143,143,143
0105   3A8D 8F 8F 8F 8F 
0105   3A91 8F 8F 8F 8F 
0105   3A95 8F 8F 8F 8F 
0105   3A99 8F 8F 8F 8F 
0105   3A9D 8F 8F 8F 8F 
0105   3AA1 8F 8F 8F 8F 
0105   3AA5 8F 8F 8F 8F 
0105   3AA9 8F 8F 8F 8F 
0105   3AAD 8F 8F 8F 8F 
0106   3AB1 8F 8F 8F 8F 	.db 143,143,143,143,143,143,143,143,143,143,143,143,143,143,143,143,143,143,143,143,143,143,143,143,143,143,143,143,143,143,143,143,143,143,143,143,143,143,143,143
0106   3AB5 8F 8F 8F 8F 
0106   3AB9 8F 8F 8F 8F 
0106   3ABD 8F 8F 8F 8F 
0106   3AC1 8F 8F 8F 8F 
0106   3AC5 8F 8F 8F 8F 
0106   3AC9 8F 8F 8F 8F 
0106   3ACD 8F 8F 8F 8F 
0106   3AD1 8F 8F 8F 8F 
0106   3AD5 8F 8F 8F 8F 
0107   3AD9 8F 8F 8F 8F 	.db 143,143,143,143,143,143,143,143,143,143,143,143,143,143,143,143,143,143,143,143,143,143,143,143,143,143,143,143,143,143,143,143,143,143,143,143,143,143,143,143
0107   3ADD 8F 8F 8F 8F 
0107   3AE1 8F 8F 8F 8F 
0107   3AE5 8F 8F 8F 8F 
0107   3AE9 8F 8F 8F 8F 
0107   3AED 8F 8F 8F 8F 
0107   3AF1 8F 8F 8F 8F 
0107   3AF5 8F 8F 8F 8F 
0107   3AF9 8F 8F 8F 8F 
0107   3AFD 8F 8F 8F 8F 
0108   3B01 8F 8F 8F 8F 	.db 143,143,143,143,143,143,143,143,143,143,143,143,143,143,143,143,143,143,143,143,143,143,143,143,143,143,143,143,143,143,143,143,143,143,143,143,143,143,143,143
0108   3B05 8F 8F 8F 8F 
0108   3B09 8F 8F 8F 8F 
0108   3B0D 8F 8F 8F 8F 
0108   3B11 8F 8F 8F 8F 
0108   3B15 8F 8F 8F 8F 
0108   3B19 8F 8F 8F 8F 
0108   3B1D 8F 8F 8F 8F 
0108   3B21 8F 8F 8F 8F 
0108   3B25 8F 8F 8F 8F 
0109   3B29 8F 8F 8F 8F 	.db 143,143,143,143,143,143,143,143,143,143,143,143,143,143,143,143,143,143,143,143,143,143,143,143,143,143,143,143,143,143,143,143,143,143,143,143,143,143,143,143
0109   3B2D 8F 8F 8F 8F 
0109   3B31 8F 8F 8F 8F 
0109   3B35 8F 8F 8F 8F 
0109   3B39 8F 8F 8F 8F 
0109   3B3D 8F 8F 8F 8F 
0109   3B41 8F 8F 8F 8F 
0109   3B45 8F 8F 8F 8F 
0109   3B49 8F 8F 8F 8F 
0109   3B4D 8F 8F 8F 8F 
0110   3B51 8F 8F 8F 8F 	.db 143,143,143,143,143,143,143,143,143,143,143,143,143,143,143,143,143,143,143,143,143,143,143,143,143,143,143,143,143,143,143,143,143,143,143,143,143,143,143,143
0110   3B55 8F 8F 8F 8F 
0110   3B59 8F 8F 8F 8F 
0110   3B5D 8F 8F 8F 8F 
0110   3B61 8F 8F 8F 8F 
0110   3B65 8F 8F 8F 8F 
0110   3B69 8F 8F 8F 8F 
0110   3B6D 8F 8F 8F 8F 
0110   3B71 8F 8F 8F 8F 
0110   3B75 8F 8F 8F 8F 
0111   3B79 8F 8F 8F 8F 	.db 143,143,143,143,143,143,143,143,143,143,143,143,143,143,143,143,143,143,143,143,143,143,143,143,143,143,143,143,143,143,143,143,143,143,143,143,143,143,143,143
0111   3B7D 8F 8F 8F 8F 
0111   3B81 8F 8F 8F 8F 
0111   3B85 8F 8F 8F 8F 
0111   3B89 8F 8F 8F 8F 
0111   3B8D 8F 8F 8F 8F 
0111   3B91 8F 8F 8F 8F 
0111   3B95 8F 8F 8F 8F 
0111   3B99 8F 8F 8F 8F 
0111   3B9D 8F 8F 8F 8F 
0112   3BA1 8F 8F 8F 8F 	.db 143,143,143,143,143,143,143,143,143,143,143,143,143,143,143,143,143,143,143,143,143,143,143,143,143,143,143,143,143,143,143,143,143,143,143,143,143,143,143,143
0112   3BA5 8F 8F 8F 8F 
0112   3BA9 8F 8F 8F 8F 
0112   3BAD 8F 8F 8F 8F 
0112   3BB1 8F 8F 8F 8F 
0112   3BB5 8F 8F 8F 8F 
0112   3BB9 8F 8F 8F 8F 
0112   3BBD 8F 8F 8F 8F 
0112   3BC1 8F 8F 8F 8F 
0112   3BC5 8F 8F 8F 8F 
0113   3BC9 8F 8F 8F 8F 	.db 143,143,143,143,143,143,143,143,143,143,143,143,143,143,143,143,143,143,143,143,143,143,143,143,143,143,143,143,143,143,143,143,143,143,143,143,143,143,143,143
0113   3BCD 8F 8F 8F 8F 
0113   3BD1 8F 8F 8F 8F 
0113   3BD5 8F 8F 8F 8F 
0113   3BD9 8F 8F 8F 8F 
0113   3BDD 8F 8F 8F 8F 
0113   3BE1 8F 8F 8F 8F 
0113   3BE5 8F 8F 8F 8F 
0113   3BE9 8F 8F 8F 8F 
0113   3BED 8F 8F 8F 8F 
0114   3BF1 8F 8F 8F 8F 	.db 143,143,143,143,143,143,143,143,143,143,143,143,143,143,143,143,143,143,143,143,143,143,143,143,143,143,143,143,143,143,143,143,143,143,143,143,143,143,143,143
0114   3BF5 8F 8F 8F 8F 
0114   3BF9 8F 8F 8F 8F 
0114   3BFD 8F 8F 8F 8F 
0114   3C01 8F 8F 8F 8F 
0114   3C05 8F 8F 8F 8F 
0114   3C09 8F 8F 8F 8F 
0114   3C0D 8F 8F 8F 8F 
0114   3C11 8F 8F 8F 8F 
0114   3C15 8F 8F 8F 8F 
0115   3C19 8F 8F 8F 8F 	.db 143,143,143,143,143,143,143,143,143,143,143,143,143,143,143,143,143,143,143,143,143,143,143,143,143,143,143,143,143,143,143,143,143,143,143,143,143,143,143,143
0115   3C1D 8F 8F 8F 8F 
0115   3C21 8F 8F 8F 8F 
0115   3C25 8F 8F 8F 8F 
0115   3C29 8F 8F 8F 8F 
0115   3C2D 8F 8F 8F 8F 
0115   3C31 8F 8F 8F 8F 
0115   3C35 8F 8F 8F 8F 
0115   3C39 8F 8F 8F 8F 
0115   3C3D 8F 8F 8F 8F 
0116   3C41 8F 8F 8F 8F 	.db 143,143,143,143,143,143,143,143,143,143,143,143,143,143,143,143,143,143,143,143,143,143,143,143,143,143,143,143,143,143,143,143,143,143,143,143,143,143,143,143
0116   3C45 8F 8F 8F 8F 
0116   3C49 8F 8F 8F 8F 
0116   3C4D 8F 8F 8F 8F 
0116   3C51 8F 8F 8F 8F 
0116   3C55 8F 8F 8F 8F 
0116   3C59 8F 8F 8F 8F 
0116   3C5D 8F 8F 8F 8F 
0116   3C61 8F 8F 8F 8F 
0116   3C65 8F 8F 8F 8F 
0117   3C69 8F 8F 8F 8F 	.db 143,143,143,143,143,143,143,143,143,143,143,143,143,143,143,143,143,143,143,143,143,143,143,143,143,143,143,143,143,143,143,143,143,143,143,143,143,143,143,143
0117   3C6D 8F 8F 8F 8F 
0117   3C71 8F 8F 8F 8F 
0117   3C75 8F 8F 8F 8F 
0117   3C79 8F 8F 8F 8F 
0117   3C7D 8F 8F 8F 8F 
0117   3C81 8F 8F 8F 8F 
0117   3C85 8F 8F 8F 8F 
0117   3C89 8F 8F 8F 8F 
0117   3C8D 8F 8F 8F 8F 
0118   3C91 8F 8F 8F 8F 	.db 143,143,143,143,143,143,143,143,143,143,143,143,143,143,143,143,143,143,143,143,143,143,143,143,143,143,143,143,143,143,143,143,143,143,143,143,143,143,143,143
0118   3C95 8F 8F 8F 8F 
0118   3C99 8F 8F 8F 8F 
0118   3C9D 8F 8F 8F 8F 
0118   3CA1 8F 8F 8F 8F 
0118   3CA5 8F 8F 8F 8F 
0118   3CA9 8F 8F 8F 8F 
0118   3CAD 8F 8F 8F 8F 
0118   3CB1 8F 8F 8F 8F 
0118   3CB5 8F 8F 8F 8F 
0119   3CB9 8F 8F 8F 8F 	.db 143,143,143,143,143,143,143,143,143,143,143,143,143,143,143,143,143,143,143,143,143,143,143,143,143,143,143,143,143,143,143,143,143,143,143,143,143,143,143,143
0119   3CBD 8F 8F 8F 8F 
0119   3CC1 8F 8F 8F 8F 
0119   3CC5 8F 8F 8F 8F 
0119   3CC9 8F 8F 8F 8F 
0119   3CCD 8F 8F 8F 8F 
0119   3CD1 8F 8F 8F 8F 
0119   3CD5 8F 8F 8F 8F 
0119   3CD9 8F 8F 8F 8F 
0119   3CDD 8F 8F 8F 8F 
0120   3CE1 8F 8F 8F 8F 	.db 143,143,143,143,143,143,143,143,143,143,143,143,143,143,143,143,143,143,143,143,143,143,143,143,143,143,143,143,143,143,143,143,143,143,143,143,143,143,143,143
0120   3CE5 8F 8F 8F 8F 
0120   3CE9 8F 8F 8F 8F 
0120   3CED 8F 8F 8F 8F 
0120   3CF1 8F 8F 8F 8F 
0120   3CF5 8F 8F 8F 8F 
0120   3CF9 8F 8F 8F 8F 
0120   3CFD 8F 8F 8F 8F 
0120   3D01 8F 8F 8F 8F 
0120   3D05 8F 8F 8F 8F 
0121   3D09 8F 8F 8F 8F 	.db 143,143,143,143,143,143,143,143,143,143,143,143,143,143,143,143,143,143,143,143,143,143,143,143,143,143,143,143,143,143,143,143,143,143,143,143,143,143,143,143
0121   3D0D 8F 8F 8F 8F 
0121   3D11 8F 8F 8F 8F 
0121   3D15 8F 8F 8F 8F 
0121   3D19 8F 8F 8F 8F 
0121   3D1D 8F 8F 8F 8F 
0121   3D21 8F 8F 8F 8F 
0121   3D25 8F 8F 8F 8F 
0121   3D29 8F 8F 8F 8F 
0121   3D2D 8F 8F 8F 8F 
0122   3D31 8F 8F 8F 8F 	.db 143,143,143,143,143,143,143,143,143,143,143,143,143,143,143,143,143,143,143,143,143,143,143,143,143,143,143,143,143,143,143,143,143,143,143,143,143,143,143,143
0122   3D35 8F 8F 8F 8F 
0122   3D39 8F 8F 8F 8F 
0122   3D3D 8F 8F 8F 8F 
0122   3D41 8F 8F 8F 8F 
0122   3D45 8F 8F 8F 8F 
0122   3D49 8F 8F 8F 8F 
0122   3D4D 8F 8F 8F 8F 
0122   3D51 8F 8F 8F 8F 
0122   3D55 8F 8F 8F 8F 
0123   3D59 8F 8F 8F 8F 	.db 143,143,143,143,143,143,143,143,143,143,143,143,143,143,143,143,143,143,143,143,143,143,143,143,143,143,143,143,143,143,143,143,143,143,143,143,143,143,143,143
0123   3D5D 8F 8F 8F 8F 
0123   3D61 8F 8F 8F 8F 
0123   3D65 8F 8F 8F 8F 
0123   3D69 8F 8F 8F 8F 
0123   3D6D 8F 8F 8F 8F 
0123   3D71 8F 8F 8F 8F 
0123   3D75 8F 8F 8F 8F 
0123   3D79 8F 8F 8F 8F 
0123   3D7D 8F 8F 8F 8F 
0124   3D81             
0125   3D81             ; Scene Color Data (Raw 1000 Bytes)
0126   3D81             SCENECOLOR:
0127   3D81             
0128   3D81 26 64 65 66 	.db 38,100,101,102,103,104,105,106,107,108,109,110,111,112,113,114,115,116,117,118,119,120,121,122,123,124,125,126,127,128,129,130,131,132,133,134,135,136,137,138
0128   3D85 67 68 69 6A 
0128   3D89 6B 6C 6D 6E 
0128   3D8D 6F 70 71 72 
0128   3D91 73 74 75 76 
0128   3D95 77 78 79 7A 
0128   3D99 7B 7C 7D 7E 
0128   3D9D 7F 80 81 82 
0128   3DA1 83 84 85 86 
0128   3DA5 87 88 89 8A 
0129   3DA9             ; Start of REAL color space
0130   3DA9 70 07 70 07 	.db 112,7,112,7,112,7,112,7,112,7,112,7,112,7,112,7,112,7,112,7,112,7,112,7,112,7,112,7,112,7,112,7,112,7,112,7,112,7,112,7
0130   3DAD 70 07 70 07 
0130   3DB1 70 07 70 07 
0130   3DB5 70 07 70 07 
0130   3DB9 70 07 70 07 
0130   3DBD 70 07 70 07 
0130   3DC1 70 07 70 07 
0130   3DC5 70 07 70 07 
0130   3DC9 70 07 70 07 
0130   3DCD 70 07 70 07 
0131   3DD1 07 70 07 70 	.db 7,112,7,112,7,112,7,112,7,112,7,112,7,112,7,112,7,112,7,112,7,112,7,112,7,112,7,112,7,112,7,112,7,112,7,112,7,112,7,112
0131   3DD5 07 70 07 70 
0131   3DD9 07 70 07 70 
0131   3DDD 07 70 07 70 
0131   3DE1 07 70 07 70 
0131   3DE5 07 70 07 70 
0131   3DE9 07 70 07 70 
0131   3DED 07 70 07 70 
0131   3DF1 07 70 07 70 
0131   3DF5 07 70 07 70 
0132   3DF9 70 07 70 07 	.db 112,7,112,7,112,7,112,7,112,7,112,7,112,7,112,7,112,7,112,7,112,7,112,7,112,7,112,7,112,7,112,7,112,7,112,7,112,7,112,7
0132   3DFD 70 07 70 07 
0132   3E01 70 07 70 07 
0132   3E05 70 07 70 07 
0132   3E09 70 07 70 07 
0132   3E0D 70 07 70 07 
0132   3E11 70 07 70 07 
0132   3E15 70 07 70 07 
0132   3E19 70 07 70 07 
0132   3E1D 70 07 70 07 
0133   3E21 07 70 07 70 	.db 7,112,7,112,7,112,7,112,7,112,7,112,7,112,7,112,7,112,7,112,7,112,7,112,7,112,7,112,7,112,7,112,7,112,7,112,7,112,7,112
0133   3E25 07 70 07 70 
0133   3E29 07 70 07 70 
0133   3E2D 07 70 07 70 
0133   3E31 07 70 07 70 
0133   3E35 07 70 07 70 
0133   3E39 07 70 07 70 
0133   3E3D 07 70 07 70 
0133   3E41 07 70 07 70 
0133   3E45 07 70 07 70 
0134   3E49 70 07 70 07 	.db 112,7,112,7,112,7,112,7,112,7,112,7,112,7,112,7,112,7,112,7,112,7,112,7,112,7,112,7,112,7,112,7,112,7,112,7,112,7,112,7
0134   3E4D 70 07 70 07 
0134   3E51 70 07 70 07 
0134   3E55 70 07 70 07 
0134   3E59 70 07 70 07 
0134   3E5D 70 07 70 07 
0134   3E61 70 07 70 07 
0134   3E65 70 07 70 07 
0134   3E69 70 07 70 07 
0134   3E6D 70 07 70 07 
0135   3E71 07 70 07 70 	.db 7,112,7,112,7,112,7,112,7,112,7,112,7,112,7,112,7,112,7,112,7,112,7,112,7,112,7,112,7,112,7,112,7,112,7,112,7,112,7,112
0135   3E75 07 70 07 70 
0135   3E79 07 70 07 70 
0135   3E7D 07 70 07 70 
0135   3E81 07 70 07 70 
0135   3E85 07 70 07 70 
0135   3E89 07 70 07 70 
0135   3E8D 07 70 07 70 
0135   3E91 07 70 07 70 
0135   3E95 07 70 07 70 
0136   3E99 70 07 70 07 	.db 112,7,112,7,112,7,112,7,112,7,112,7,112,7,112,7,112,7,112,7,112,7,112,7,112,7,112,7,112,7,112,7,112,7,112,7,112,7,112,7
0136   3E9D 70 07 70 07 
0136   3EA1 70 07 70 07 
0136   3EA5 70 07 70 07 
0136   3EA9 70 07 70 07 
0136   3EAD 70 07 70 07 
0136   3EB1 70 07 70 07 
0136   3EB5 70 07 70 07 
0136   3EB9 70 07 70 07 
0136   3EBD 70 07 70 07 
0137   3EC1 07 70 07 70 	.db 7,112,7,112,7,112,7,112,7,112,7,112,7,112,7,112,7,112,7,112,7,112,7,112,7,112,7,112,7,112,7,112,7,112,7,112,7,112,7,112
0137   3EC5 07 70 07 70 
0137   3EC9 07 70 07 70 
0137   3ECD 07 70 07 70 
0137   3ED1 07 70 07 70 
0137   3ED5 07 70 07 70 
0137   3ED9 07 70 07 70 
0137   3EDD 07 70 07 70 
0137   3EE1 07 70 07 70 
0137   3EE5 07 70 07 70 
0138   3EE9 70 07 70 07 	.db 112,7,112,7,112,7,112,7,112,7,112,7,112,7,112,7,112,7,112,7,112,7,112,7,112,7,112,7,112,7,112,7,112,7,112,7,112,7,112,7
0138   3EED 70 07 70 07 
0138   3EF1 70 07 70 07 
0138   3EF5 70 07 70 07 
0138   3EF9 70 07 70 07 
0138   3EFD 70 07 70 07 
0138   3F01 70 07 70 07 
0138   3F05 70 07 70 07 
0138   3F09 70 07 70 07 
0138   3F0D 70 07 70 07 
0139   3F11 07 70 07 70 	.db 7,112,7,112,7,112,7,112,7,112,7,112,7,112,7,112,7,112,7,112,7,112,7,112,7,112,7,112,7,112,7,112,7,112,7,112,7,112,7,112
0139   3F15 07 70 07 70 
0139   3F19 07 70 07 70 
0139   3F1D 07 70 07 70 
0139   3F21 07 70 07 70 
0139   3F25 07 70 07 70 
0139   3F29 07 70 07 70 
0139   3F2D 07 70 07 70 
0139   3F31 07 70 07 70 
0139   3F35 07 70 07 70 
0140   3F39 70 07 70 07 	.db 112,7,112,7,112,7,112,7,112,7,112,7,112,7,112,7,112,7,112,7,112,7,112,7,112,7,112,7,112,7,112,7,112,7,112,7,112,7,112,7
0140   3F3D 70 07 70 07 
0140   3F41 70 07 70 07 
0140   3F45 70 07 70 07 
0140   3F49 70 07 70 07 
0140   3F4D 70 07 70 07 
0140   3F51 70 07 70 07 
0140   3F55 70 07 70 07 
0140   3F59 70 07 70 07 
0140   3F5D 70 07 70 07 
0141   3F61 07 70 07 70 	.db 7,112,7,112,7,112,7,112,7,112,7,112,7,112,7,112,7,112,7,112,7,112,7,112,7,112,7,112,7,112,7,112,7,112,7,112,7,112,7,112
0141   3F65 07 70 07 70 
0141   3F69 07 70 07 70 
0141   3F6D 07 70 07 70 
0141   3F71 07 70 07 70 
0141   3F75 07 70 07 70 
0141   3F79 07 70 07 70 
0141   3F7D 07 70 07 70 
0141   3F81 07 70 07 70 
0141   3F85 07 70 07 70 
0142   3F89 70 07 70 07 	.db 112,7,112,7,112,7,112,7,112,7,112,7,112,7,112,7,112,7,112,7,112,7,112,7,112,7,112,7,112,7,112,7,112,7,112,7,112,7,112,7
0142   3F8D 70 07 70 07 
0142   3F91 70 07 70 07 
0142   3F95 70 07 70 07 
0142   3F99 70 07 70 07 
0142   3F9D 70 07 70 07 
0142   3FA1 70 07 70 07 
0142   3FA5 70 07 70 07 
0142   3FA9 70 07 70 07 
0142   3FAD 70 07 70 07 
0143   3FB1 07 70 07 70 	.db 7,112,7,112,7,112,7,112,7,112,7,112,7,112,7,112,7,112,7,112,7,112,7,112,7,112,7,112,7,112,7,112,7,112,7,112,7,112,7,112
0143   3FB5 07 70 07 70 
0143   3FB9 07 70 07 70 
0143   3FBD 07 70 07 70 
0143   3FC1 07 70 07 70 
0143   3FC5 07 70 07 70 
0143   3FC9 07 70 07 70 
0143   3FCD 07 70 07 70 
0143   3FD1 07 70 07 70 
0143   3FD5 07 70 07 70 
0144   3FD9 70 07 70 07 	.db 112,7,112,7,112,7,112,7,112,7,112,7,112,7,112,7,112,7,112,7,112,7,112,7,112,7,112,7,112,7,112,7,112,7,112,7,112,7,112,7
0144   3FDD 70 07 70 07 
0144   3FE1 70 07 70 07 
0144   3FE5 70 07 70 07 
0144   3FE9 70 07 70 07 
0144   3FED 70 07 70 07 
0144   3FF1 70 07 70 07 
0144   3FF5 70 07 70 07 
0144   3FF9 70 07 70 07 
0144   3FFD 70 07 70 07 
0145   4001 07 70 07 70 	.db 7,112,7,112,7,112,7,112,7,112,7,112,7,112,7,112,7,112,7,112,7,112,7,112,7,112,7,112,7,112,7,112,7,112,7,112,7,112,7,112
0145   4005 07 70 07 70 
0145   4009 07 70 07 70 
0145   400D 07 70 07 70 
0145   4011 07 70 07 70 
0145   4015 07 70 07 70 
0145   4019 07 70 07 70 
0145   401D 07 70 07 70 
0145   4021 07 70 07 70 
0145   4025 07 70 07 70 
0146   4029 70 07 70 07 	.db 112,7,112,7,112,7,112,7,112,7,112,7,112,7,112,7,112,7,112,7,112,7,112,7,112,7,112,7,112,7,112,7,112,7,112,7,112,7,112,7
0146   402D 70 07 70 07 
0146   4031 70 07 70 07 
0146   4035 70 07 70 07 
0146   4039 70 07 70 07 
0146   403D 70 07 70 07 
0146   4041 70 07 70 07 
0146   4045 70 07 70 07 
0146   4049 70 07 70 07 
0146   404D 70 07 70 07 
0147   4051 07 70 07 70 	.db 7,112,7,112,7,112,7,112,7,112,7,112,7,112,7,112,7,112,7,112,7,112,7,112,7,112,7,112,7,112,7,112,7,112,7,112,7,112,7,112
0147   4055 07 70 07 70 
0147   4059 07 70 07 70 
0147   405D 07 70 07 70 
0147   4061 07 70 07 70 
0147   4065 07 70 07 70 
0147   4069 07 70 07 70 
0147   406D 07 70 07 70 
0147   4071 07 70 07 70 
0147   4075 07 70 07 70 
0148   4079 70 07 70 07 	.db 112,7,112,7,112,7,112,7,112,7,112,7,112,7,112,7,112,7,112,7,112,7,112,7,112,7,112,7,112,7,112,7,112,7,112,7,112,7,112,7
0148   407D 70 07 70 07 
0148   4081 70 07 70 07 
0148   4085 70 07 70 07 
0148   4089 70 07 70 07 
0148   408D 70 07 70 07 
0148   4091 70 07 70 07 
0148   4095 70 07 70 07 
0148   4099 70 07 70 07 
0148   409D 70 07 70 07 
0149   40A1 07 70 07 70 	.db 7,112,7,112,7,112,7,112,7,112,7,112,7,112,7,112,7,112,7,112,7,112,7,112,7,112,7,112,7,112,7,112,7,112,7,112,7,112,7,112
0149   40A5 07 70 07 70 
0149   40A9 07 70 07 70 
0149   40AD 07 70 07 70 
0149   40B1 07 70 07 70 
0149   40B5 07 70 07 70 
0149   40B9 07 70 07 70 
0149   40BD 07 70 07 70 
0149   40C1 07 70 07 70 
0149   40C5 07 70 07 70 
0150   40C9 70 07 70 07 	.db 112,7,112,7,112,7,112,7,112,7,112,7,112,7,112,7,112,7,112,7,112,7,112,7,112,7,112,7,112,7,112,7,112,7,112,7,112,7,112,7
0150   40CD 70 07 70 07 
0150   40D1 70 07 70 07 
0150   40D5 70 07 70 07 
0150   40D9 70 07 70 07 
0150   40DD 70 07 70 07 
0150   40E1 70 07 70 07 
0150   40E5 70 07 70 07 
0150   40E9 70 07 70 07 
0150   40ED 70 07 70 07 
0151   40F1 07 70 07 70 	.db 7,112,7,112,7,112,7,112,7,112,7,112,7,112,7,112,7,112,7,112,7,112,7,112,7,112,7,112,7,112,7,112,7,112,7,112,7,112,7,112
0151   40F5 07 70 07 70 
0151   40F9 07 70 07 70 
0151   40FD 07 70 07 70 
0151   4101 07 70 07 70 
0151   4105 07 70 07 70 
0151   4109 07 70 07 70 
0151   410D 07 70 07 70 
0151   4111 07 70 07 70 
0151   4115 07 70 07 70 
0152   4119 70 07 70 07 	.db 112,7,112,7,112,7,112,7,112,7,112,7,112,7,112,7,112,7,112,7,112,7,112,7,112,7,112,7,112,7,112,7,112,7,112,7,112,7,112,7
0152   411D 70 07 70 07 
0152   4121 70 07 70 07 
0152   4125 70 07 70 07 
0152   4129 70 07 70 07 
0152   412D 70 07 70 07 
0152   4131 70 07 70 07 
0152   4135 70 07 70 07 
0152   4139 70 07 70 07 
0152   413D 70 07 70 07 
0153   4141 07 70 07 70 	.db 7,112,7,112,7,112,7,112,7,112,7,112,7,112,7,112,7,112,7,112,7,112,7,112,7,112,7,112,7,112,7,112,7,112,7,112,7,112,7,112
0153   4145 07 70 07 70 
0153   4149 07 70 07 70 
0153   414D 07 70 07 70 
0153   4151 07 70 07 70 
0153   4155 07 70 07 70 
0153   4159 07 70 07 70 
0153   415D 07 70 07 70 
0153   4161 07 70 07 70 
0153   4165 07 70 07 70 
0154   4169             
0155   4169             ; Conclude ML Routine
0156   4169             TERMINATE:
0157   4169             	
0158   4169 00 00 00 00 	.db $00,$00,$00,$00,$00,$00,$00,$00 
0158   416D 00 00 00 00 
0159   4171 00 00 00 00 	.db $00,$00,$00,$00,$00,$00,$00,$00 
0159   4175 00 00 00 00 
0160   4179 00 00 00 00 	.db $00,$00,$00,$00,$00,$00,$00,$00 
0160   417D 00 00 00 00 
0161   4181             	.end
tasm: Number of errors = 0
