0001   0000             ; PROJECT: CHECKERBOARD (20220212-092905)
0002   0000             ; ASM COMPATIBILITY: TASM (e.g., TASM -80 -b input.asm output.caq)
0003   0000             
0004   0000             ; James' Cassette Compatible Init (CLOAD > RUN)
0005   0000             LOADER:
0006   0000             
0007   38E1             	.org $38E1 
0008   38E1 FF FF FF FF 	.db	$FF,$FF,$FF,$FF,$FF,$FF,$FF,$FF,$FF,$FF,$FF,$FF 
0008   38E5 FF FF FF FF 
0008   38E9 FF FF FF FF 
0009   38ED 00          	.db	$00 
0010   38EE             
0011   38EE             	; Can replace with custom SIX character identifier
0012   38EE 4C 4F 41 44 	.db	"LOADER"
0012   38F2 45 52 
0013   38F4             	
0014   38F4 FF FF FF FF 	.db	$FF,$FF,$FF,$FF,$FF,$FF,$FF,$FF,$FF,$FF,$FF,$FF 
0014   38F8 FF FF FF FF 
0014   38FC FF FF FF FF 
0015   3900 00          	.db	$00 
0016   3901 25 39 0A 00 	.db	$25,$39,$0a,$00 
0017   3905 8E          	.db	$8e 
0018   3906             
0019   3906             	; Do not edit this line
0020   3906 20 46 6F 72 	.db	" For Aquarius S2 (do not edit)" 
0020   390A 20 41 71 75 
0020   390E 61 72 69 75 
0020   3912 73 20 53 32 
0020   3916 20 28 64 6F 
0020   391A 20 6E 6F 74 
0020   391E 20 65 64 69 
0020   3922 74 29 
0021   3924             
0022   3924 00          	.db	00 
0023   3925 2D 39 14 00 	.db	$2d, $39, $14, $00 
0024   3929 42 B0 30    	.db	$42, $B0, $30 
0025   392C 00          	.db	00 
0026   392D 49 39 1E 00 	.db	$49, $39, $1e, $00 
0027   3931 94 20 31 34 	.db	$94, $20, "14340", $2C, "088" 
0027   3935 33 34 30 2C 
0027   3939 30 38 38 
0028   393C 3A          	.db	$3A 
0029   393D 94 20 31 34 	.db	$94, $20, "14341", $2C, "057" 
0029   3941 33 34 31 2C 
0029   3945 30 35 37 
0030   3948 00          	.db	00 
0031   3949 19          	.db	(TERMINATE & 255) 
0032   394A 41          	.db	(TERMINATE >> 8) 
0033   394B 28 00       	.db	$28, $00 
0034   394D 42 B0 B5 28 	.db	$42, $B0,$B5,$28,$30,$29,$3A,$80 
0034   3951 30 29 3A 80 
0035   3955 00          	.db	$00 
0036   3956 00 00       	.db	$00,$00	
0037   3958             	
0038   3958             	; Clear and Fill BG/Border
0039   3958 CD 74 39    	call	FILLSCENE
0040   395B             	
0041   395B             	; Draw User Scene
0042   395B CD 82 39    	call	DRAWSCENE
0043   395E             	
0044   395E             ; Start Main Program
0045   395E             MAIN: 
0046   395E             
0047   395E             	; Add Custom Code Here - Press RETURN to Exit
0048   395E CD 66 39    	call	INPUT
0049   3961 20 FB       	jr		nz,	MAIN
0050   3963             	
0051   3963             	; Clear Screen and Exit
0052   3963 CD 45 1E    	call	$1e45
0053   3966             	
0054   3966             ; Basic Input Handler
0055   3966             INPUT:
0056   3966             
0057   3966             	; Short Pause
0058   3966 01 00 30    	ld		bc,$3000
0059   3969 CD 4B 1D    	call	$1d4b
0060   396C             
0061   396C             	; Check for RETURN key
0062   396C 01 FF FE    	ld		bc, $feff
0063   396F ED 78       	in		a,(c)
0064   3971 CB 5F       	bit		3, a
0065   3973             	
0066   3973 C9          	ret
0067   3974             
0068   3974             ; Clear and Fill Border
0069   3974             FILLSCENE:
0070   3974             
0071   3974 06 20       	ld		b,$20
0072   3976 21 00 30    	ld		hl,$3000
0073   3979 CD 59 1E    	call	$1e59
0074   397C 06 77       	ld		b,$77
0075   397E CD 59 1E    	call	$1e59
0076   3981 C9          	ret
0077   3982             
0078   3982             ; Draw Scene
0079   3982             DRAWSCENE:
0080   3982             
0081   3982 11 28 30    	ld		de, 12328
0082   3985 21 99 39    	ld		hl, SCENECHAR
0083   3988 01 C0 03    	ld		bc, 960
0084   398B ED B0       	ldir
0085   398D 11 28 34    	ld		de, 13352
0086   3990 21 59 3D    	ld		hl, SCENECOLOR
0087   3993 01 C0 03    	ld		bc, 960
0088   3996 ED B0       	ldir
0089   3998 C9          	ret
0090   3999             
0091   3999             ; Scene Character Data (Raw 960 Bytes)
0092   3999             SCENECHAR:
0093   3999             
0094   3999 20 20 20 20 	.db 32,32,32,32,32,32,32,32,32,32,32,32,32,32,32,32,32,32,32,32,32,32,32,32,32,32,32,32,32,32,32,32,32,32,32,32,32,32,32,32
0094   399D 20 20 20 20 
0094   39A1 20 20 20 20 
0094   39A5 20 20 20 20 
0094   39A9 20 20 20 20 
0094   39AD 20 20 20 20 
0094   39B1 20 20 20 20 
0094   39B5 20 20 20 20 
0094   39B9 20 20 20 20 
0094   39BD 20 20 20 20 
0095   39C1 20 20 20 20 	.db 32,32,32,32,32,32,32,32,32,32,32,32,32,32,32,32,32,32,32,32,32,32,32,32,32,32,32,32,32,32,32,32,32,32,32,32,32,32,32,32
0095   39C5 20 20 20 20 
0095   39C9 20 20 20 20 
0095   39CD 20 20 20 20 
0095   39D1 20 20 20 20 
0095   39D5 20 20 20 20 
0095   39D9 20 20 20 20 
0095   39DD 20 20 20 20 
0095   39E1 20 20 20 20 
0095   39E5 20 20 20 20 
0096   39E9 20 20 20 20 	.db 32,32,32,32,32,32,32,32,32,32,32,32,32,32,32,32,32,32,32,32,32,32,32,32,32,32,32,32,32,32,32,32,32,32,32,32,32,32,32,32
0096   39ED 20 20 20 20 
0096   39F1 20 20 20 20 
0096   39F5 20 20 20 20 
0096   39F9 20 20 20 20 
0096   39FD 20 20 20 20 
0096   3A01 20 20 20 20 
0096   3A05 20 20 20 20 
0096   3A09 20 20 20 20 
0096   3A0D 20 20 20 20 
0097   3A11 20 20 20 20 	.db 32,32,32,32,32,32,32,32,32,32,32,32,32,32,32,32,32,32,32,32,32,32,32,32,32,32,32,32,32,32,32,32,32,32,32,32,32,32,32,32
0097   3A15 20 20 20 20 
0097   3A19 20 20 20 20 
0097   3A1D 20 20 20 20 
0097   3A21 20 20 20 20 
0097   3A25 20 20 20 20 
0097   3A29 20 20 20 20 
0097   3A2D 20 20 20 20 
0097   3A31 20 20 20 20 
0097   3A35 20 20 20 20 
0098   3A39 20 20 20 20 	.db 32,32,32,32,32,32,32,32,32,32,32,32,32,32,32,32,32,32,32,32,32,32,32,32,32,32,32,32,32,32,32,32,32,32,32,32,32,32,32,32
0098   3A3D 20 20 20 20 
0098   3A41 20 20 20 20 
0098   3A45 20 20 20 20 
0098   3A49 20 20 20 20 
0098   3A4D 20 20 20 20 
0098   3A51 20 20 20 20 
0098   3A55 20 20 20 20 
0098   3A59 20 20 20 20 
0098   3A5D 20 20 20 20 
0099   3A61 20 20 20 20 	.db 32,32,32,32,32,32,32,32,32,32,32,32,32,32,32,32,32,32,32,32,32,32,32,32,32,32,32,32,32,32,32,32,32,32,32,32,32,32,32,32
0099   3A65 20 20 20 20 
0099   3A69 20 20 20 20 
0099   3A6D 20 20 20 20 
0099   3A71 20 20 20 20 
0099   3A75 20 20 20 20 
0099   3A79 20 20 20 20 
0099   3A7D 20 20 20 20 
0099   3A81 20 20 20 20 
0099   3A85 20 20 20 20 
0100   3A89 20 20 20 20 	.db 32,32,32,32,32,32,32,32,32,32,32,32,32,32,32,32,32,32,32,32,32,32,32,32,32,32,32,32,32,32,32,32,32,32,32,32,32,32,32,32
0100   3A8D 20 20 20 20 
0100   3A91 20 20 20 20 
0100   3A95 20 20 20 20 
0100   3A99 20 20 20 20 
0100   3A9D 20 20 20 20 
0100   3AA1 20 20 20 20 
0100   3AA5 20 20 20 20 
0100   3AA9 20 20 20 20 
0100   3AAD 20 20 20 20 
0101   3AB1 20 20 20 20 	.db 32,32,32,32,32,32,32,32,32,32,32,32,32,32,32,32,32,32,32,32,32,32,32,32,32,32,32,32,32,32,32,32,32,32,32,32,32,32,32,32
0101   3AB5 20 20 20 20 
0101   3AB9 20 20 20 20 
0101   3ABD 20 20 20 20 
0101   3AC1 20 20 20 20 
0101   3AC5 20 20 20 20 
0101   3AC9 20 20 20 20 
0101   3ACD 20 20 20 20 
0101   3AD1 20 20 20 20 
0101   3AD5 20 20 20 20 
0102   3AD9 20 20 20 20 	.db 32,32,32,32,32,32,32,32,32,32,32,32,32,32,32,32,32,32,32,32,32,32,32,32,32,32,32,32,32,32,32,32,32,32,32,32,32,32,32,32
0102   3ADD 20 20 20 20 
0102   3AE1 20 20 20 20 
0102   3AE5 20 20 20 20 
0102   3AE9 20 20 20 20 
0102   3AED 20 20 20 20 
0102   3AF1 20 20 20 20 
0102   3AF5 20 20 20 20 
0102   3AF9 20 20 20 20 
0102   3AFD 20 20 20 20 
0103   3B01 20 20 20 20 	.db 32,32,32,32,32,32,32,32,32,32,32,32,32,32,32,32,32,32,32,32,32,32,32,32,32,32,32,32,32,32,32,32,32,32,32,32,32,32,32,32
0103   3B05 20 20 20 20 
0103   3B09 20 20 20 20 
0103   3B0D 20 20 20 20 
0103   3B11 20 20 20 20 
0103   3B15 20 20 20 20 
0103   3B19 20 20 20 20 
0103   3B1D 20 20 20 20 
0103   3B21 20 20 20 20 
0103   3B25 20 20 20 20 
0104   3B29 20 20 20 20 	.db 32,32,32,32,32,32,32,32,32,32,32,32,32,32,32,32,32,32,32,32,32,32,32,32,32,32,32,32,32,32,32,32,32,32,32,32,32,32,32,32
0104   3B2D 20 20 20 20 
0104   3B31 20 20 20 20 
0104   3B35 20 20 20 20 
0104   3B39 20 20 20 20 
0104   3B3D 20 20 20 20 
0104   3B41 20 20 20 20 
0104   3B45 20 20 20 20 
0104   3B49 20 20 20 20 
0104   3B4D 20 20 20 20 
0105   3B51 20 20 20 20 	.db 32,32,32,32,32,32,32,32,32,32,32,32,32,32,32,32,32,32,32,32,32,32,32,32,32,32,32,32,32,32,32,32,32,32,32,32,32,32,32,32
0105   3B55 20 20 20 20 
0105   3B59 20 20 20 20 
0105   3B5D 20 20 20 20 
0105   3B61 20 20 20 20 
0105   3B65 20 20 20 20 
0105   3B69 20 20 20 20 
0105   3B6D 20 20 20 20 
0105   3B71 20 20 20 20 
0105   3B75 20 20 20 20 
0106   3B79 20 20 20 20 	.db 32,32,32,32,32,32,32,32,32,32,32,32,32,32,32,32,32,32,32,32,32,32,32,32,32,32,32,32,32,32,32,32,32,32,32,32,32,32,32,32
0106   3B7D 20 20 20 20 
0106   3B81 20 20 20 20 
0106   3B85 20 20 20 20 
0106   3B89 20 20 20 20 
0106   3B8D 20 20 20 20 
0106   3B91 20 20 20 20 
0106   3B95 20 20 20 20 
0106   3B99 20 20 20 20 
0106   3B9D 20 20 20 20 
0107   3BA1 20 20 20 20 	.db 32,32,32,32,32,32,32,32,32,32,32,32,32,32,32,32,32,32,32,32,32,32,32,32,32,32,32,32,32,32,32,32,32,32,32,32,32,32,32,32
0107   3BA5 20 20 20 20 
0107   3BA9 20 20 20 20 
0107   3BAD 20 20 20 20 
0107   3BB1 20 20 20 20 
0107   3BB5 20 20 20 20 
0107   3BB9 20 20 20 20 
0107   3BBD 20 20 20 20 
0107   3BC1 20 20 20 20 
0107   3BC5 20 20 20 20 
0108   3BC9 20 20 20 20 	.db 32,32,32,32,32,32,32,32,32,32,32,32,32,32,32,32,32,32,32,32,32,32,32,32,32,32,32,32,32,32,32,32,32,32,32,32,32,32,32,32
0108   3BCD 20 20 20 20 
0108   3BD1 20 20 20 20 
0108   3BD5 20 20 20 20 
0108   3BD9 20 20 20 20 
0108   3BDD 20 20 20 20 
0108   3BE1 20 20 20 20 
0108   3BE5 20 20 20 20 
0108   3BE9 20 20 20 20 
0108   3BED 20 20 20 20 
0109   3BF1 20 20 20 20 	.db 32,32,32,32,32,32,32,32,32,32,32,32,32,32,32,32,32,32,32,32,32,32,32,32,32,32,32,32,32,32,32,32,32,32,32,32,32,32,32,32
0109   3BF5 20 20 20 20 
0109   3BF9 20 20 20 20 
0109   3BFD 20 20 20 20 
0109   3C01 20 20 20 20 
0109   3C05 20 20 20 20 
0109   3C09 20 20 20 20 
0109   3C0D 20 20 20 20 
0109   3C11 20 20 20 20 
0109   3C15 20 20 20 20 
0110   3C19 20 20 20 20 	.db 32,32,32,32,32,32,32,32,32,32,32,32,32,32,32,32,32,32,32,32,32,32,32,32,32,32,32,32,32,32,32,32,32,32,32,32,32,32,32,32
0110   3C1D 20 20 20 20 
0110   3C21 20 20 20 20 
0110   3C25 20 20 20 20 
0110   3C29 20 20 20 20 
0110   3C2D 20 20 20 20 
0110   3C31 20 20 20 20 
0110   3C35 20 20 20 20 
0110   3C39 20 20 20 20 
0110   3C3D 20 20 20 20 
0111   3C41 20 20 20 20 	.db 32,32,32,32,32,32,32,32,32,32,32,32,32,32,32,32,32,32,32,32,32,32,32,32,32,32,32,32,32,32,32,32,32,32,32,32,32,32,32,32
0111   3C45 20 20 20 20 
0111   3C49 20 20 20 20 
0111   3C4D 20 20 20 20 
0111   3C51 20 20 20 20 
0111   3C55 20 20 20 20 
0111   3C59 20 20 20 20 
0111   3C5D 20 20 20 20 
0111   3C61 20 20 20 20 
0111   3C65 20 20 20 20 
0112   3C69 20 20 20 20 	.db 32,32,32,32,32,32,32,32,32,32,32,32,32,32,32,32,32,32,32,32,32,32,32,32,32,32,32,32,32,32,32,32,32,32,32,32,32,32,32,32
0112   3C6D 20 20 20 20 
0112   3C71 20 20 20 20 
0112   3C75 20 20 20 20 
0112   3C79 20 20 20 20 
0112   3C7D 20 20 20 20 
0112   3C81 20 20 20 20 
0112   3C85 20 20 20 20 
0112   3C89 20 20 20 20 
0112   3C8D 20 20 20 20 
0113   3C91 20 20 20 20 	.db 32,32,32,32,32,32,32,32,32,32,32,32,32,32,32,32,32,32,32,32,32,32,32,32,32,32,32,32,32,32,32,32,32,32,32,32,32,32,32,32
0113   3C95 20 20 20 20 
0113   3C99 20 20 20 20 
0113   3C9D 20 20 20 20 
0113   3CA1 20 20 20 20 
0113   3CA5 20 20 20 20 
0113   3CA9 20 20 20 20 
0113   3CAD 20 20 20 20 
0113   3CB1 20 20 20 20 
0113   3CB5 20 20 20 20 
0114   3CB9 20 20 20 20 	.db 32,32,32,32,32,32,32,32,32,32,32,32,32,32,32,32,32,32,32,32,32,32,32,32,32,32,32,32,32,32,32,32,32,32,32,32,32,32,32,32
0114   3CBD 20 20 20 20 
0114   3CC1 20 20 20 20 
0114   3CC5 20 20 20 20 
0114   3CC9 20 20 20 20 
0114   3CCD 20 20 20 20 
0114   3CD1 20 20 20 20 
0114   3CD5 20 20 20 20 
0114   3CD9 20 20 20 20 
0114   3CDD 20 20 20 20 
0115   3CE1 20 20 20 20 	.db 32,32,32,32,32,32,32,32,32,32,32,32,32,32,32,32,32,32,32,32,32,32,32,32,32,32,32,32,32,32,32,32,32,32,32,32,32,32,32,32
0115   3CE5 20 20 20 20 
0115   3CE9 20 20 20 20 
0115   3CED 20 20 20 20 
0115   3CF1 20 20 20 20 
0115   3CF5 20 20 20 20 
0115   3CF9 20 20 20 20 
0115   3CFD 20 20 20 20 
0115   3D01 20 20 20 20 
0115   3D05 20 20 20 20 
0116   3D09 20 20 20 20 	.db 32,32,32,32,32,32,32,32,32,32,32,32,32,32,32,32,32,32,32,32,32,32,32,32,32,32,32,32,32,32,32,32,32,32,32,32,32,32,32,32
0116   3D0D 20 20 20 20 
0116   3D11 20 20 20 20 
0116   3D15 20 20 20 20 
0116   3D19 20 20 20 20 
0116   3D1D 20 20 20 20 
0116   3D21 20 20 20 20 
0116   3D25 20 20 20 20 
0116   3D29 20 20 20 20 
0116   3D2D 20 20 20 20 
0117   3D31 20 20 20 20 	.db 32,32,32,32,32,32,32,32,32,32,32,32,32,32,32,32,32,32,32,32,32,32,32,32,32,32,32,32,32,32,32,32,32,32,32,32,32,32,32,32
0117   3D35 20 20 20 20 
0117   3D39 20 20 20 20 
0117   3D3D 20 20 20 20 
0117   3D41 20 20 20 20 
0117   3D45 20 20 20 20 
0117   3D49 20 20 20 20 
0117   3D4D 20 20 20 20 
0117   3D51 20 20 20 20 
0117   3D55 20 20 20 20 
0118   3D59             
0119   3D59             ; Scene Color Data (Raw 960 Bytes)
0120   3D59             SCENECOLOR:
0121   3D59             
0122   3D59 70 07 70 07 	.db 112,7,112,7,112,7,112,7,112,7,112,7,112,7,112,7,112,7,112,7,112,7,112,7,112,7,112,7,112,7,112,7,112,7,112,7,112,7,112,7
0122   3D5D 70 07 70 07 
0122   3D61 70 07 70 07 
0122   3D65 70 07 70 07 
0122   3D69 70 07 70 07 
0122   3D6D 70 07 70 07 
0122   3D71 70 07 70 07 
0122   3D75 70 07 70 07 
0122   3D79 70 07 70 07 
0122   3D7D 70 07 70 07 
0123   3D81 07 70 07 70 	.db 7,112,7,112,7,112,7,112,7,112,7,112,7,112,7,112,7,112,7,112,7,112,7,112,7,112,7,112,7,112,7,112,7,112,7,112,7,112,7,112
0123   3D85 07 70 07 70 
0123   3D89 07 70 07 70 
0123   3D8D 07 70 07 70 
0123   3D91 07 70 07 70 
0123   3D95 07 70 07 70 
0123   3D99 07 70 07 70 
0123   3D9D 07 70 07 70 
0123   3DA1 07 70 07 70 
0123   3DA5 07 70 07 70 
0124   3DA9 70 07 70 07 	.db 112,7,112,7,112,7,112,7,112,7,112,7,112,7,112,7,112,7,112,7,112,7,112,7,112,7,112,7,112,7,112,7,112,7,112,7,112,7,112,7
0124   3DAD 70 07 70 07 
0124   3DB1 70 07 70 07 
0124   3DB5 70 07 70 07 
0124   3DB9 70 07 70 07 
0124   3DBD 70 07 70 07 
0124   3DC1 70 07 70 07 
0124   3DC5 70 07 70 07 
0124   3DC9 70 07 70 07 
0124   3DCD 70 07 70 07 
0125   3DD1 07 70 07 70 	.db 7,112,7,112,7,112,7,112,7,112,7,112,7,112,7,112,7,112,7,112,7,112,7,112,7,112,7,112,7,112,7,112,7,112,7,112,7,112,7,112
0125   3DD5 07 70 07 70 
0125   3DD9 07 70 07 70 
0125   3DDD 07 70 07 70 
0125   3DE1 07 70 07 70 
0125   3DE5 07 70 07 70 
0125   3DE9 07 70 07 70 
0125   3DED 07 70 07 70 
0125   3DF1 07 70 07 70 
0125   3DF5 07 70 07 70 
0126   3DF9 70 07 70 07 	.db 112,7,112,7,112,7,112,7,112,7,112,7,112,7,112,7,112,7,112,7,112,7,112,7,112,7,112,7,112,7,112,7,112,7,112,7,112,7,112,7
0126   3DFD 70 07 70 07 
0126   3E01 70 07 70 07 
0126   3E05 70 07 70 07 
0126   3E09 70 07 70 07 
0126   3E0D 70 07 70 07 
0126   3E11 70 07 70 07 
0126   3E15 70 07 70 07 
0126   3E19 70 07 70 07 
0126   3E1D 70 07 70 07 
0127   3E21 07 70 07 70 	.db 7,112,7,112,7,112,7,112,7,112,7,112,7,112,7,112,7,112,7,112,7,112,7,112,7,112,7,112,7,112,7,112,7,112,7,112,7,112,7,112
0127   3E25 07 70 07 70 
0127   3E29 07 70 07 70 
0127   3E2D 07 70 07 70 
0127   3E31 07 70 07 70 
0127   3E35 07 70 07 70 
0127   3E39 07 70 07 70 
0127   3E3D 07 70 07 70 
0127   3E41 07 70 07 70 
0127   3E45 07 70 07 70 
0128   3E49 70 07 70 07 	.db 112,7,112,7,112,7,112,7,112,7,112,7,112,7,112,7,112,7,112,7,112,7,112,7,112,7,112,7,112,7,112,7,112,7,112,7,112,7,112,7
0128   3E4D 70 07 70 07 
0128   3E51 70 07 70 07 
0128   3E55 70 07 70 07 
0128   3E59 70 07 70 07 
0128   3E5D 70 07 70 07 
0128   3E61 70 07 70 07 
0128   3E65 70 07 70 07 
0128   3E69 70 07 70 07 
0128   3E6D 70 07 70 07 
0129   3E71 07 70 07 70 	.db 7,112,7,112,7,112,7,112,7,112,7,112,7,112,7,112,7,112,7,112,7,112,7,112,7,112,7,112,7,112,7,112,7,112,7,112,7,112,7,112
0129   3E75 07 70 07 70 
0129   3E79 07 70 07 70 
0129   3E7D 07 70 07 70 
0129   3E81 07 70 07 70 
0129   3E85 07 70 07 70 
0129   3E89 07 70 07 70 
0129   3E8D 07 70 07 70 
0129   3E91 07 70 07 70 
0129   3E95 07 70 07 70 
0130   3E99 70 07 70 07 	.db 112,7,112,7,112,7,112,7,112,7,112,7,112,7,112,7,112,7,112,7,112,7,112,7,112,7,112,7,112,7,112,7,112,7,112,7,112,7,112,7
0130   3E9D 70 07 70 07 
0130   3EA1 70 07 70 07 
0130   3EA5 70 07 70 07 
0130   3EA9 70 07 70 07 
0130   3EAD 70 07 70 07 
0130   3EB1 70 07 70 07 
0130   3EB5 70 07 70 07 
0130   3EB9 70 07 70 07 
0130   3EBD 70 07 70 07 
0131   3EC1 07 70 07 70 	.db 7,112,7,112,7,112,7,112,7,112,7,112,7,112,7,112,7,112,7,112,7,112,7,112,7,112,7,112,7,112,7,112,7,112,7,112,7,112,7,112
0131   3EC5 07 70 07 70 
0131   3EC9 07 70 07 70 
0131   3ECD 07 70 07 70 
0131   3ED1 07 70 07 70 
0131   3ED5 07 70 07 70 
0131   3ED9 07 70 07 70 
0131   3EDD 07 70 07 70 
0131   3EE1 07 70 07 70 
0131   3EE5 07 70 07 70 
0132   3EE9 70 07 70 07 	.db 112,7,112,7,112,7,112,7,112,7,112,7,112,7,112,7,112,7,112,7,112,7,112,7,112,7,112,7,112,7,112,7,112,7,112,7,112,7,112,7
0132   3EED 70 07 70 07 
0132   3EF1 70 07 70 07 
0132   3EF5 70 07 70 07 
0132   3EF9 70 07 70 07 
0132   3EFD 70 07 70 07 
0132   3F01 70 07 70 07 
0132   3F05 70 07 70 07 
0132   3F09 70 07 70 07 
0132   3F0D 70 07 70 07 
0133   3F11 07 70 07 70 	.db 7,112,7,112,7,112,7,112,7,112,7,112,7,112,7,112,7,112,7,112,7,112,7,112,7,112,7,112,7,112,7,112,7,112,7,112,7,112,7,112
0133   3F15 07 70 07 70 
0133   3F19 07 70 07 70 
0133   3F1D 07 70 07 70 
0133   3F21 07 70 07 70 
0133   3F25 07 70 07 70 
0133   3F29 07 70 07 70 
0133   3F2D 07 70 07 70 
0133   3F31 07 70 07 70 
0133   3F35 07 70 07 70 
0134   3F39 70 07 70 07 	.db 112,7,112,7,112,7,112,7,112,7,112,7,112,7,112,7,112,7,112,7,112,7,112,7,112,7,112,7,112,7,112,7,112,7,112,7,112,7,112,7
0134   3F3D 70 07 70 07 
0134   3F41 70 07 70 07 
0134   3F45 70 07 70 07 
0134   3F49 70 07 70 07 
0134   3F4D 70 07 70 07 
0134   3F51 70 07 70 07 
0134   3F55 70 07 70 07 
0134   3F59 70 07 70 07 
0134   3F5D 70 07 70 07 
0135   3F61 07 70 07 70 	.db 7,112,7,112,7,112,7,112,7,112,7,112,7,112,7,112,7,112,7,112,7,112,7,112,7,112,7,112,7,112,7,112,7,112,7,112,7,112,7,112
0135   3F65 07 70 07 70 
0135   3F69 07 70 07 70 
0135   3F6D 07 70 07 70 
0135   3F71 07 70 07 70 
0135   3F75 07 70 07 70 
0135   3F79 07 70 07 70 
0135   3F7D 07 70 07 70 
0135   3F81 07 70 07 70 
0135   3F85 07 70 07 70 
0136   3F89 70 07 70 07 	.db 112,7,112,7,112,7,112,7,112,7,112,7,112,7,112,7,112,7,112,7,112,7,112,7,112,7,112,7,112,7,112,7,112,7,112,7,112,7,112,7
0136   3F8D 70 07 70 07 
0136   3F91 70 07 70 07 
0136   3F95 70 07 70 07 
0136   3F99 70 07 70 07 
0136   3F9D 70 07 70 07 
0136   3FA1 70 07 70 07 
0136   3FA5 70 07 70 07 
0136   3FA9 70 07 70 07 
0136   3FAD 70 07 70 07 
0137   3FB1 07 70 07 70 	.db 7,112,7,112,7,112,7,112,7,112,7,112,7,112,7,112,7,112,7,112,7,112,7,112,7,112,7,112,7,112,7,112,7,112,7,112,7,112,7,112
0137   3FB5 07 70 07 70 
0137   3FB9 07 70 07 70 
0137   3FBD 07 70 07 70 
0137   3FC1 07 70 07 70 
0137   3FC5 07 70 07 70 
0137   3FC9 07 70 07 70 
0137   3FCD 07 70 07 70 
0137   3FD1 07 70 07 70 
0137   3FD5 07 70 07 70 
0138   3FD9 70 07 70 07 	.db 112,7,112,7,112,7,112,7,112,7,112,7,112,7,112,7,112,7,112,7,112,7,112,7,112,7,112,7,112,7,112,7,112,7,112,7,112,7,112,7
0138   3FDD 70 07 70 07 
0138   3FE1 70 07 70 07 
0138   3FE5 70 07 70 07 
0138   3FE9 70 07 70 07 
0138   3FED 70 07 70 07 
0138   3FF1 70 07 70 07 
0138   3FF5 70 07 70 07 
0138   3FF9 70 07 70 07 
0138   3FFD 70 07 70 07 
0139   4001 07 70 07 70 	.db 7,112,7,112,7,112,7,112,7,112,7,112,7,112,7,112,7,112,7,112,7,112,7,112,7,112,7,112,7,112,7,112,7,112,7,112,7,112,7,112
0139   4005 07 70 07 70 
0139   4009 07 70 07 70 
0139   400D 07 70 07 70 
0139   4011 07 70 07 70 
0139   4015 07 70 07 70 
0139   4019 07 70 07 70 
0139   401D 07 70 07 70 
0139   4021 07 70 07 70 
0139   4025 07 70 07 70 
0140   4029 70 07 70 07 	.db 112,7,112,7,112,7,112,7,112,7,112,7,112,7,112,7,112,7,112,7,112,7,112,7,112,7,112,7,112,7,112,7,112,7,112,7,112,7,112,7
0140   402D 70 07 70 07 
0140   4031 70 07 70 07 
0140   4035 70 07 70 07 
0140   4039 70 07 70 07 
0140   403D 70 07 70 07 
0140   4041 70 07 70 07 
0140   4045 70 07 70 07 
0140   4049 70 07 70 07 
0140   404D 70 07 70 07 
0141   4051 07 70 07 70 	.db 7,112,7,112,7,112,7,112,7,112,7,112,7,112,7,112,7,112,7,112,7,112,7,112,7,112,7,112,7,112,7,112,7,112,7,112,7,112,7,112
0141   4055 07 70 07 70 
0141   4059 07 70 07 70 
0141   405D 07 70 07 70 
0141   4061 07 70 07 70 
0141   4065 07 70 07 70 
0141   4069 07 70 07 70 
0141   406D 07 70 07 70 
0141   4071 07 70 07 70 
0141   4075 07 70 07 70 
0142   4079 70 07 70 07 	.db 112,7,112,7,112,7,112,7,112,7,112,7,112,7,112,7,112,7,112,7,112,7,112,7,112,7,112,7,112,7,112,7,112,7,112,7,112,7,112,7
0142   407D 70 07 70 07 
0142   4081 70 07 70 07 
0142   4085 70 07 70 07 
0142   4089 70 07 70 07 
0142   408D 70 07 70 07 
0142   4091 70 07 70 07 
0142   4095 70 07 70 07 
0142   4099 70 07 70 07 
0142   409D 70 07 70 07 
0143   40A1 07 70 07 70 	.db 7,112,7,112,7,112,7,112,7,112,7,112,7,112,7,112,7,112,7,112,7,112,7,112,7,112,7,112,7,112,7,112,7,112,7,112,7,112,7,112
0143   40A5 07 70 07 70 
0143   40A9 07 70 07 70 
0143   40AD 07 70 07 70 
0143   40B1 07 70 07 70 
0143   40B5 07 70 07 70 
0143   40B9 07 70 07 70 
0143   40BD 07 70 07 70 
0143   40C1 07 70 07 70 
0143   40C5 07 70 07 70 
0144   40C9 70 07 70 07 	.db 112,7,112,7,112,7,112,7,112,7,112,7,112,7,112,7,112,7,112,7,112,7,112,7,112,7,112,7,112,7,112,7,112,7,112,7,112,7,112,7
0144   40CD 70 07 70 07 
0144   40D1 70 07 70 07 
0144   40D5 70 07 70 07 
0144   40D9 70 07 70 07 
0144   40DD 70 07 70 07 
0144   40E1 70 07 70 07 
0144   40E5 70 07 70 07 
0144   40E9 70 07 70 07 
0144   40ED 70 07 70 07 
0145   40F1 07 70 07 70 	.db 7,112,7,112,7,112,7,112,7,112,7,112,7,112,7,112,7,112,7,112,7,112,7,112,7,112,7,112,7,112,7,112,7,112,7,112,7,112,7,112
0145   40F5 07 70 07 70 
0145   40F9 07 70 07 70 
0145   40FD 07 70 07 70 
0145   4101 07 70 07 70 
0145   4105 07 70 07 70 
0145   4109 07 70 07 70 
0145   410D 07 70 07 70 
0145   4111 07 70 07 70 
0145   4115 07 70 07 70 
0146   4119             
0147   4119             ; Conclude ML Routine
0148   4119             TERMINATE:
0149   4119             	
0150   4119 00 00 00 00 	.db $00,$00,$00,$00,$00,$00,$00,$00 
0150   411D 00 00 00 00 
0151   4121 00 00 00 00 	.db $00,$00,$00,$00,$00,$00,$00,$00 
0151   4125 00 00 00 00 
0152   4129 00 00 00 00 	.db $00,$00,$00,$00,$00,$00,$00,$00 
0152   412D 00 00 00 00 
0153   4131             	.end
tasm: Number of errors = 0
