0001   0000             ; PROJECT: SOUND2
0002   0000             ; ASM COMPATIBILITY: TASM (e.g., TASM -80 -b sound2.asm sound2.caq)
0003   0000             
0004   0000             ; James' Cassette Compatible Init (CLOAD > RUN)
0005   0000             LOADER:
0006   0000             
0007   38E1             	.org $38E1 
0008   38E1 FF FF FF FF 	.db	$FF,$FF,$FF,$FF,$FF,$FF,$FF,$FF,$FF,$FF,$FF,$FF 
0008   38E5 FF FF FF FF 
0008   38E9 FF FF FF FF 
0009   38ED 00          	.db	$00 
0010   38EE             
0011   38EE             	; Can replace with custom SIX character identifier
0012   38EE 53 4F 55 4E 	.db	"SOUND2"
0012   38F2 44 32 
0013   38F4             	
0014   38F4 FF FF FF FF 	.db	$FF,$FF,$FF,$FF,$FF,$FF,$FF,$FF,$FF,$FF,$FF,$FF 
0014   38F8 FF FF FF FF 
0014   38FC FF FF FF FF 
0015   3900 00          	.db	$00 
0016   3901 25 39 0A 00 	.db	$25,$39,$0a,$00 
0017   3905 8E          	.db	$8e 
0018   3906             
0019   3906             	; Do not edit this line
0020   3906 20 46 6F 72 	.db	" For Aquarius S2 (do not edit)" 
0020   390A 20 41 71 75 
0020   390E 61 72 69 75 
0020   3912 73 20 53 32 
0020   3916 20 28 64 6F 
0020   391A 20 6E 6F 74 
0020   391E 20 65 64 69 
0020   3922 74 29 
0021   3924             
0022   3924 00          	.db	00 
0023   3925 2D 39 14 00 	.db	$2d, $39, $14, $00 
0024   3929 42 B0 30    	.db	$42, $B0, $30 
0025   392C 00          	.db	00 
0026   392D 49 39 1E 00 	.db	$49, $39, $1e, $00 
0027   3931 94 20 31 34 	.db	$94, $20, "14340", $2C, "088" 
0027   3935 33 34 30 2C 
0027   3939 30 38 38 
0028   393C 3A          	.db	$3A 
0029   393D 94 20 31 34 	.db	$94, $20, "14341", $2C, "057" 
0029   3941 33 34 31 2C 
0029   3945 30 35 37 
0030   3948 00          	.db	00 
0031   3949 A4          	.db	(TERMINATE & 255) 
0032   394A 3A          	.db	(TERMINATE >> 8) 
0033   394B 28 00       	.db	$28, $00 
0034   394D 42 B0 B5 28 	.db	$42, $B0,$B5,$28,$30,$29,$3A,$80 
0034   3951 30 29 3A 80 
0035   3955 00          	.db	$00 
0036   3956 00 00       	.db	$00,$00	
0037   3958             	
0038   3958             	; Play sounds
0039   3958 CD 78 39    	call	PLAYSOUNDS
0040   395B             	
0041   395B             ; Start Main Program
0042   395B             MAIN: 
0043   395B             
0044   395B             	; Add Custom Code Here - Press RETURN to Exit
0045   395B CD 63 39    	call	INPUT
0046   395E 20 FB       	jr		nz,	MAIN
0047   3960             	
0048   3960             	; Clear Screen and Exit
0049   3960 CD 45 1E    	call	$1e45
0050   3963             	
0051   3963             ; Basic Input Handler
0052   3963             INPUT:
0053   3963             
0054   3963             	; Short Pause
0055   3963 01 00 30    	ld		bc,$3000
0056   3966 CD 4B 1D    	call	$1d4b
0057   3969             
0058   3969             	; Check for RETURN key
0059   3969 01 FF FE    	ld		bc, $feff
0060   396C ED 78       	in		a,(c)
0061   396E CB 5F       	bit		3, a
0062   3970             	
0063   3970 C9          	ret
0064   3971             
0065   3971             ; Wait 500ms
0066   3971             WAITASEC:
0067   3971 01 74 BD    	ld		bc,$BD74
0068   3974 CD 4B 1D    	call	$1d4b
0069   3977 C9          	ret
0070   3978             
0071   3978             ; Play sounds
0072   3978             PLAYSOUNDS:
0073   3978             
0074   3978             	; Start fresh
0075   3978             	; CH-ABC0 off
0076   3978 3E 07       	ld  a,7
0077   397A D3 F7       	out ($F7),a
0078   397C 3E 3F       	ld  a,63
0079   397E D3 F6       	out ($F6),a
0080   3980             	; CH-ABC1 off
0081   3980 3E 07       	ld  a,7
0082   3982 D3 F9       	out ($F9),a
0083   3984 3E 3F       	ld  a,63
0084   3986 D3 F8       	out ($F8),a
0085   3988             	; C2 in CH-A0
0086   3988 3E 00       	ld	a,0
0087   398A D3 F7       	out ($F7),a
0088   398C 3E 2D       	ld	a,45
0089   398E D3 F6       	out ($F6),a
0090   3990 3E 01       	ld  a,1
0091   3992 D3 F7       	out ($F7),a
0092   3994 3E 04       	ld  a,4
0093   3996 D3 F6       	out ($F6),a
0094   3998             	; E2 in CH-B0
0095   3998 3E 02       	ld	a,2
0096   399A D3 F7       	out ($F7),a
0097   399C 3E 50       	ld	a,80
0098   399E D3 F6       	out ($F6),a
0099   39A0 3E 03       	ld  a,3
0100   39A2 D3 F7       	out ($F7),a
0101   39A4 3E 03       	ld  a,3
0102   39A6 D3 F6       	out ($F6),a
0103   39A8             	; G2 in CH-C0
0104   39A8 3E 04       	ld  a,4
0105   39AA D3 F7       	out ($F7),a
0106   39AC 3E C9       	ld	a,201
0107   39AE D3 F6       	out ($F6),a
0108   39B0 3E 05       	ld  a,5
0109   39B2 D3 F7       	out ($F7),a
0110   39B4 3E 02       	ld  a,2
0111   39B6 D3 F6       	out ($F6),a
0112   39B8             	; Third octave notes
0113   39B8             	; C3 in CH-A1
0114   39B8 3E 00       	ld	a,0
0115   39BA D3 F9       	out ($F9),a
0116   39BC 3E 16       	ld	a,22
0117   39BE D3 F8       	out ($F8),a
0118   39C0 3E 01       	ld  a,1
0119   39C2 D3 F9       	out ($F9),a
0120   39C4 3E 02       	ld  a,2
0121   39C6 D3 F8       	out ($F8),a
0122   39C8             	; E3 in CH-B1
0123   39C8 3E 02       	ld	a,2
0124   39CA D3 F9       	out ($F9),a
0125   39CC 3E A8       	ld	a,168
0126   39CE D3 F8       	out ($F8),a
0127   39D0 3E 03       	ld  a,3
0128   39D2 D3 F9       	out ($F9),a
0129   39D4 3E 01       	ld  a,1
0130   39D6 D3 F8       	out ($F8),a
0131   39D8             	; G3 in CH-C1
0132   39D8 3E 04       	ld  a,4
0133   39DA D3 F9       	out ($F9),a
0134   39DC 3E 65       	ld	a,101
0135   39DE D3 F8       	out ($F8),a
0136   39E0 3E 05       	ld  a,5
0137   39E2 D3 F9       	out ($F9),a
0138   39E4 3E 01       	ld  a,1
0139   39E6 D3 F8       	out ($F8),a
0140   39E8             	; CH-ABC0 to Volume 15
0141   39E8 3E 08       	ld  a,8
0142   39EA D3 F7       	out ($F7),a
0143   39EC 3E 0F       	ld  a,15
0144   39EE D3 F6       	out ($F6),a
0145   39F0 3E 09       	ld  a,9
0146   39F2 D3 F7       	out ($F7),a
0147   39F4 3E 0F       	ld  a,15
0148   39F6 D3 F6       	out ($F6),a
0149   39F8 3E 0A       	ld  a,10
0150   39FA D3 F7       	out ($F7),a
0151   39FC 3E 0F       	ld  a,15
0152   39FE D3 F6       	out ($F6),a
0153   3A00             	; CH-ABC1 to Volume 15
0154   3A00 3E 08       	ld  a,8
0155   3A02 D3 F9       	out ($F9),a
0156   3A04 3E 0F       	ld  a,15
0157   3A06 D3 F8       	out ($F8),a
0158   3A08 3E 09       	ld  a,9
0159   3A0A D3 F9       	out ($F9),a
0160   3A0C 3E 0F       	ld  a,15
0161   3A0E D3 F8       	out ($F8),a
0162   3A10 3E 0A       	ld  a,10
0163   3A12 D3 F9       	out ($F9),a
0164   3A14 3E 0F       	ld  a,15
0165   3A16 D3 F8       	out ($F8),a
0166   3A18             	; Play the notes with a pause between
0167   3A18             	; CH-A0 on
0168   3A18 3E 07       	ld  a,7
0169   3A1A D3 F7       	out ($F7),a
0170   3A1C 3E 3E       	ld  a,62
0171   3A1E D3 F6       	out ($F6),a
0172   3A20 CD 71 39    	call WAITASEC
0173   3A23             	; CH-AB0 on
0174   3A23 3E 07       	ld  a,7
0175   3A25 D3 F7       	out ($F7),a
0176   3A27 3E 3C       	ld  a,60
0177   3A29 D3 F6       	out ($F6),a
0178   3A2B CD 71 39    	call WAITASEC
0179   3A2E             	; CH-ABC0 on
0180   3A2E 3E 07       	ld  a,7
0181   3A30 D3 F7       	out ($F7),a
0182   3A32 3E 38       	ld  a,56
0183   3A34 D3 F6       	out ($F6),a
0184   3A36 CD 71 39    	call WAITASEC
0185   3A39             	; Third octave
0186   3A39             	; CH-A1 on
0187   3A39 3E 07       	ld  a,7
0188   3A3B D3 F9       	out ($F9),a
0189   3A3D 3E 3E       	ld  a,62
0190   3A3F D3 F8       	out ($F8),a
0191   3A41 CD 71 39    	call WAITASEC
0192   3A44             	; CH-AB1 on
0193   3A44 3E 07       	ld  a,7
0194   3A46 D3 F9       	out ($F9),a
0195   3A48 3E 3C       	ld  a,60
0196   3A4A D3 F8       	out ($F8),a
0197   3A4C CD 71 39    	call WAITASEC
0198   3A4F             	; CH-ABC1 on
0199   3A4F 3E 07       	ld  a,7
0200   3A51 D3 F9       	out ($F9),a
0201   3A53 3E 38       	ld  a,56
0202   3A55 D3 F8       	out ($F8),a
0203   3A57 CD 71 39    	call WAITASEC
0204   3A5A CD 71 39    	call WAITASEC
0205   3A5D CD 71 39    	call WAITASEC
0206   3A60 CD 71 39    	call WAITASEC
0207   3A63             	; CH-ABC0 off
0208   3A63 3E 07       	ld  a,7
0209   3A65 D3 F7       	out ($F7),a
0210   3A67 3E 3F       	ld  a,63
0211   3A69 D3 F6       	out ($F6),a
0212   3A6B             	; CH-ABC1 off
0213   3A6B 3E 07       	ld  a,7
0214   3A6D D3 F9       	out ($F9),a
0215   3A6F 3E 3F       	ld  a,63
0216   3A71 D3 F8       	out ($F8),a
0217   3A73             	; CH-ABC0 to Volume 0
0218   3A73 3E 08       	ld  a,8
0219   3A75 D3 F7       	out ($F7),a
0220   3A77 3E 00       	ld  a,0
0221   3A79 D3 F6       	out ($F6),a
0222   3A7B 3E 09       	ld  a,9
0223   3A7D D3 F7       	out ($F7),a
0224   3A7F 3E 00       	ld  a,0
0225   3A81 D3 F6       	out ($F6),a
0226   3A83 3E 0A       	ld  a,10
0227   3A85 D3 F7       	out ($F7),a
0228   3A87 3E 00       	ld  a,0
0229   3A89 D3 F6       	out ($F6),a
0230   3A8B             	; CH-ABC1 to Volume 0
0231   3A8B 3E 08       	ld  a,8
0232   3A8D D3 F9       	out ($F9),a
0233   3A8F 3E 00       	ld  a,0
0234   3A91 D3 F8       	out ($F8),a
0235   3A93 3E 09       	ld  a,9
0236   3A95 D3 F9       	out ($F9),a
0237   3A97 3E 00       	ld  a,0
0238   3A99 D3 F8       	out ($F8),a
0239   3A9B 3E 0A       	ld  a,10
0240   3A9D D3 F9       	out ($F9),a
0241   3A9F 3E 00       	ld  a,0
0242   3AA1 D3 F8       	out ($F8),a
0243   3AA3 C9          	ret
0244   3AA4             
0245   3AA4             ; Conclude ML Routine
0246   3AA4             TERMINATE:
0247   3AA4             	
0248   3AA4 00 00 00 00 	.db $00,$00,$00,$00,$00,$00,$00,$00 
0248   3AA8 00 00 00 00 
0249   3AAC 00 00 00 00 	.db $00,$00,$00,$00,$00,$00,$00,$00 
0249   3AB0 00 00 00 00 
0250   3AB4 00 00 00 00 	.db $00,$00,$00,$00,$00,$00,$00,$00 
0250   3AB8 00 00 00 00 
0251   3ABC             	.end
tasm: Number of errors = 0
